<?xml version="1.0" encoding="UTF-8"?>
<testng-results skipped="0" failed="2" ignored="0" total="7" passed="5">
  <reporter-output>
  </reporter-output>
  <suite name="Suite1" duration-ms="151192" started-at="2020-09-24T05:15:15Z" finished-at="2020-09-24T05:17:46Z">
    <groups>
    </groups>
    <test name="Regression1" duration-ms="151192" started-at="2020-09-24T05:15:15Z" finished-at="2020-09-24T05:17:46Z">
      <class name="com.qa.test.LoginPageTest">
        <test-method status="PASS" signature="setup()[pri:0, instance:com.qa.test.LoginPageTest@2f686d1f]" name="setup" is-config="true" duration-ms="13498" started-at="2020-09-24T05:15:28Z" finished-at="2020-09-24T05:15:42Z">
          <reporter-output>
          </reporter-output>
        </test-method> <!-- setup -->
        <test-method status="PASS" signature="testloginmethod()[pri:1, instance:com.qa.test.LoginPageTest@2f686d1f]" name="testloginmethod" duration-ms="3718" started-at="2020-09-24T05:15:42Z" finished-at="2020-09-24T05:15:46Z">
          <reporter-output>
          </reporter-output>
        </test-method> <!-- testloginmethod -->
        <test-method status="PASS" signature="teardown()[pri:0, instance:com.qa.test.LoginPageTest@2f686d1f]" name="teardown" is-config="true" duration-ms="664" started-at="2020-09-24T05:15:46Z" finished-at="2020-09-24T05:15:46Z">
          <reporter-output>
          </reporter-output>
        </test-method> <!-- teardown -->
      </class> <!-- com.qa.test.LoginPageTest -->
      <class name="com.qa.test.RegistrationPageTest">
        <test-method status="PASS" signature="setup()[pri:0, instance:com.qa.test.RegistrationPageTest@3fee9989]" name="setup" is-config="true" duration-ms="14181" started-at="2020-09-24T05:15:46Z" finished-at="2020-09-24T05:16:01Z">
          <reporter-output>
          </reporter-output>
        </test-method> <!-- setup -->
        <test-method status="PASS" signature="validatefirstlastname()[pri:1, instance:com.qa.test.RegistrationPageTest@3fee9989]" name="validatefirstlastname" duration-ms="3650" started-at="2020-09-24T05:16:01Z" finished-at="2020-09-24T05:16:04Z">
          <reporter-output>
          </reporter-output>
        </test-method> <!-- validatefirstlastname -->
        <test-method status="PASS" signature="teardown()[pri:0, instance:com.qa.test.RegistrationPageTest@3fee9989]" name="teardown" is-config="true" duration-ms="664" started-at="2020-09-24T05:16:04Z" finished-at="2020-09-24T05:16:05Z">
          <reporter-output>
          </reporter-output>
        </test-method> <!-- teardown -->
        <test-method status="PASS" signature="setup()[pri:0, instance:com.qa.test.RegistrationPageTest@3fee9989]" name="setup" is-config="true" duration-ms="14389" started-at="2020-09-24T05:16:18Z" finished-at="2020-09-24T05:16:32Z">
          <reporter-output>
          </reporter-output>
        </test-method> <!-- setup -->
        <test-method status="FAIL" signature="validateregistration(java.lang.String, java.lang.String, java.lang.String, java.lang.String, java.lang.String, java.lang.String, java.lang.String, java.lang.String, java.lang.String)[pri:2, instance:com.qa.test.RegistrationPageTest@3fee9989]" name="validateregistration" duration-ms="21802" started-at="2020-09-24T05:16:32Z" data-provider="getCRMTestData" finished-at="2020-09-24T05:16:54Z">
          <params>
            <param index="0">
              <value>
                <![CDATA[lolipp@yopmail.com]]>
              </value>
            </param>
            <param index="1">
              <value>
                <![CDATA[Hanna]]>
              </value>
            </param>
            <param index="2">
              <value>
                <![CDATA[Montana]]>
              </value>
            </param>
            <param index="3">
              <value>
                <![CDATA[Gold@777]]>
              </value>
            </param>
            <param index="4">
              <value>
                <![CDATA[Hello address]]>
              </value>
            </param>
            <param index="5">
              <value>
                <![CDATA[Boston]]>
              </value>
            </param>
            <param index="6">
              <value>
                <![CDATA[68100]]>
              </value>
            </param>
            <param index="7">
              <value>
                <![CDATA[9918881771]]>
              </value>
            </param>
            <param index="8">
              <value>
                <![CDATA[Florida]]>
              </value>
            </param>
          </params>
          <exception class="org.openqa.selenium.NoSuchElementException">
            <message>
              <![CDATA[no such element: Unable to locate element: {"method":"xpath","selector":"//*[@id="id_gender1"]"}
  (Session info: chrome=85.0.4183.121)
For documentation on this error, please visit: https://www.seleniumhq.org/exceptions/no_such_element.html
Build info: version: '3.141.59', revision: 'e82be7d358', time: '2018-11-14T08:17:03'
System info: host: 'DESKTOP-RBNB4BV', ip: '192.168.1.43', os.name: 'Windows 10', os.arch: 'amd64', os.version: '10.0', java.version: '1.8.0_261'
Driver info: org.openqa.selenium.chrome.ChromeDriver
Capabilities {acceptInsecureCerts: false, browserName: chrome, browserVersion: 85.0.4183.121, chrome: {chromedriverVersion: 85.0.4183.87 (cd6713ebf92fa..., userDataDir: C:\Users\Dell\AppData\Local...}, goog:chromeOptions: {debuggerAddress: localhost:52960}, javascriptEnabled: true, networkConnectionEnabled: false, pageLoadStrategy: normal, platform: WINDOWS, platformName: WINDOWS, proxy: Proxy(), setWindowRect: true, strictFileInteractability: false, timeouts: {implicit: 0, pageLoad: 300000, script: 30000}, unhandledPromptBehavior: dismiss and notify, webauthn:virtualAuthenticators: true}
Session ID: 9a37369ac4b072b9cc5fd8ec2e724b35
*** Element info: {Using=xpath, value=//*[@id="id_gender1"]}]]>
            </message>
            <full-stacktrace>
              <![CDATA[org.openqa.selenium.NoSuchElementException: no such element: Unable to locate element: {"method":"xpath","selector":"//*[@id="id_gender1"]"}
  (Session info: chrome=85.0.4183.121)
For documentation on this error, please visit: https://www.seleniumhq.org/exceptions/no_such_element.html
Build info: version: '3.141.59', revision: 'e82be7d358', time: '2018-11-14T08:17:03'
System info: host: 'DESKTOP-RBNB4BV', ip: '192.168.1.43', os.name: 'Windows 10', os.arch: 'amd64', os.version: '10.0', java.version: '1.8.0_261'
Driver info: org.openqa.selenium.chrome.ChromeDriver
Capabilities {acceptInsecureCerts: false, browserName: chrome, browserVersion: 85.0.4183.121, chrome: {chromedriverVersion: 85.0.4183.87 (cd6713ebf92fa..., userDataDir: C:\Users\Dell\AppData\Local...}, goog:chromeOptions: {debuggerAddress: localhost:52960}, javascriptEnabled: true, networkConnectionEnabled: false, pageLoadStrategy: normal, platform: WINDOWS, platformName: WINDOWS, proxy: Proxy(), setWindowRect: true, strictFileInteractability: false, timeouts: {implicit: 0, pageLoad: 300000, script: 30000}, unhandledPromptBehavior: dismiss and notify, webauthn:virtualAuthenticators: true}
Session ID: 9a37369ac4b072b9cc5fd8ec2e724b35
*** Element info: {Using=xpath, value=//*[@id="id_gender1"]}
at sun.reflect.NativeConstructorAccessorImpl.newInstance0(Native Method)
at sun.reflect.NativeConstructorAccessorImpl.newInstance(NativeConstructorAccessorImpl.java:62)
at sun.reflect.DelegatingConstructorAccessorImpl.newInstance(DelegatingConstructorAccessorImpl.java:45)
at java.lang.reflect.Constructor.newInstance(Constructor.java:423)
at org.openqa.selenium.remote.http.W3CHttpResponseCodec.createException(W3CHttpResponseCodec.java:187)
at org.openqa.selenium.remote.http.W3CHttpResponseCodec.decode(W3CHttpResponseCodec.java:122)
at org.openqa.selenium.remote.http.W3CHttpResponseCodec.decode(W3CHttpResponseCodec.java:49)
at org.openqa.selenium.remote.HttpCommandExecutor.execute(HttpCommandExecutor.java:158)
at org.openqa.selenium.remote.service.DriverCommandExecutor.execute(DriverCommandExecutor.java:83)
at org.openqa.selenium.remote.RemoteWebDriver.execute(RemoteWebDriver.java:552)
at org.openqa.selenium.remote.RemoteWebDriver.findElement(RemoteWebDriver.java:323)
at org.openqa.selenium.remote.RemoteWebDriver.findElementByXPath(RemoteWebDriver.java:428)
at org.openqa.selenium.By$ByXPath.findElement(By.java:353)
at org.openqa.selenium.remote.RemoteWebDriver.findElement(RemoteWebDriver.java:315)
at sun.reflect.NativeMethodAccessorImpl.invoke0(Native Method)
at sun.reflect.NativeMethodAccessorImpl.invoke(NativeMethodAccessorImpl.java:62)
at sun.reflect.DelegatingMethodAccessorImpl.invoke(DelegatingMethodAccessorImpl.java:43)
at java.lang.reflect.Method.invoke(Method.java:498)
at org.openqa.selenium.support.events.EventFiringWebDriver.lambda$new$1(EventFiringWebDriver.java:105)
at com.sun.proxy.$Proxy8.findElement(Unknown Source)
at org.openqa.selenium.support.events.EventFiringWebDriver.findElement(EventFiringWebDriver.java:194)
at org.openqa.selenium.support.pagefactory.DefaultElementLocator.findElement(DefaultElementLocator.java:69)
at org.openqa.selenium.support.pagefactory.internal.LocatingElementHandler.invoke(LocatingElementHandler.java:38)
at com.sun.proxy.$Proxy12.click(Unknown Source)
at com.qa.pages.RegistrationPage.createnewuser(RegistrationPage.java:87)
at com.qa.test.RegistrationPageTest.validateregistration(RegistrationPageTest.java:57)
at sun.reflect.NativeMethodAccessorImpl.invoke0(Native Method)
at sun.reflect.NativeMethodAccessorImpl.invoke(NativeMethodAccessorImpl.java:62)
at sun.reflect.DelegatingMethodAccessorImpl.invoke(DelegatingMethodAccessorImpl.java:43)
at java.lang.reflect.Method.invoke(Method.java:498)
at org.testng.internal.MethodInvocationHelper.invokeMethod(MethodInvocationHelper.java:124)
at org.testng.internal.Invoker.invokeMethod(Invoker.java:583)
at org.testng.internal.Invoker.invokeTestMethod(Invoker.java:719)
at org.testng.internal.Invoker.invokeTestMethods(Invoker.java:989)
at org.testng.internal.TestMethodWorker.invokeTestMethods(TestMethodWorker.java:125)
at org.testng.internal.TestMethodWorker.run(TestMethodWorker.java:109)
at org.testng.TestRunner.privateRun(TestRunner.java:648)
at org.testng.TestRunner.run(TestRunner.java:505)
at org.testng.SuiteRunner.runTest(SuiteRunner.java:455)
at org.testng.SuiteRunner.runSequentially(SuiteRunner.java:450)
at org.testng.SuiteRunner.privateRun(SuiteRunner.java:415)
at org.testng.SuiteRunner.run(SuiteRunner.java:364)
at org.testng.SuiteRunnerWorker.runSuite(SuiteRunnerWorker.java:52)
at org.testng.SuiteRunnerWorker.run(SuiteRunnerWorker.java:84)
at org.testng.TestNG.runSuitesSequentially(TestNG.java:1208)
at org.testng.TestNG.runSuitesLocally(TestNG.java:1137)
at org.testng.TestNG.runSuites(TestNG.java:1049)
at org.testng.TestNG.run(TestNG.java:1017)
at org.testng.remote.AbstractRemoteTestNG.run(AbstractRemoteTestNG.java:115)
at org.testng.remote.RemoteTestNG.initAndRun(RemoteTestNG.java:251)
at org.testng.remote.RemoteTestNG.main(RemoteTestNG.java:77)
]]>
            </full-stacktrace>
          </exception> <!-- org.openqa.selenium.NoSuchElementException -->
          <reporter-output>
          </reporter-output>
        </test-method> <!-- validateregistration -->
        <test-method status="PASS" signature="teardown()[pri:0, instance:com.qa.test.RegistrationPageTest@3fee9989]" name="teardown" is-config="true" duration-ms="680" started-at="2020-09-24T05:16:54Z" finished-at="2020-09-24T05:16:54Z">
          <reporter-output>
          </reporter-output>
        </test-method> <!-- teardown -->
        <test-method status="PASS" signature="setup()[pri:0, instance:com.qa.test.RegistrationPageTest@3fee9989]" name="setup" is-config="true" duration-ms="14799" started-at="2020-09-24T05:16:54Z" finished-at="2020-09-24T05:17:09Z">
          <reporter-output>
          </reporter-output>
        </test-method> <!-- setup -->
        <test-method status="FAIL" signature="validateregistration(java.lang.String, java.lang.String, java.lang.String, java.lang.String, java.lang.String, java.lang.String, java.lang.String, java.lang.String, java.lang.String)[pri:2, instance:com.qa.test.RegistrationPageTest@3fee9989]" name="validateregistration" duration-ms="21440" started-at="2020-09-24T05:17:09Z" data-provider="getCRMTestData" finished-at="2020-09-24T05:17:31Z">
          <params>
            <param index="0">
              <value>
                <![CDATA[lolipop@yopmail.com]]>
              </value>
            </param>
            <param index="1">
              <value>
                <![CDATA[Baby]]>
              </value>
            </param>
            <param index="2">
              <value>
                <![CDATA[Montana]]>
              </value>
            </param>
            <param index="3">
              <value>
                <![CDATA[Gold@777]]>
              </value>
            </param>
            <param index="4">
              <value>
                <![CDATA[Bye address]]>
              </value>
            </param>
            <param index="5">
              <value>
                <![CDATA[Boston]]>
              </value>
            </param>
            <param index="6">
              <value>
                <![CDATA[68167]]>
              </value>
            </param>
            <param index="7">
              <value>
                <![CDATA[9916625551]]>
              </value>
            </param>
            <param index="8">
              <value>
                <![CDATA[Florida]]>
              </value>
            </param>
          </params>
          <exception class="org.openqa.selenium.NoSuchElementException">
            <message>
              <![CDATA[no such element: Unable to locate element: {"method":"xpath","selector":"//*[@id="id_gender1"]"}
  (Session info: chrome=85.0.4183.121)
For documentation on this error, please visit: https://www.seleniumhq.org/exceptions/no_such_element.html
Build info: version: '3.141.59', revision: 'e82be7d358', time: '2018-11-14T08:17:03'
System info: host: 'DESKTOP-RBNB4BV', ip: '192.168.1.43', os.name: 'Windows 10', os.arch: 'amd64', os.version: '10.0', java.version: '1.8.0_261'
Driver info: org.openqa.selenium.chrome.ChromeDriver
Capabilities {acceptInsecureCerts: false, browserName: chrome, browserVersion: 85.0.4183.121, chrome: {chromedriverVersion: 85.0.4183.87 (cd6713ebf92fa..., userDataDir: C:\Users\Dell\AppData\Local...}, goog:chromeOptions: {debuggerAddress: localhost:52990}, javascriptEnabled: true, networkConnectionEnabled: false, pageLoadStrategy: normal, platform: WINDOWS, platformName: WINDOWS, proxy: Proxy(), setWindowRect: true, strictFileInteractability: false, timeouts: {implicit: 0, pageLoad: 300000, script: 30000}, unhandledPromptBehavior: dismiss and notify, webauthn:virtualAuthenticators: true}
Session ID: 01d4d5f1474738a08054e99055530393
*** Element info: {Using=xpath, value=//*[@id="id_gender1"]}]]>
            </message>
            <full-stacktrace>
              <![CDATA[org.openqa.selenium.NoSuchElementException: no such element: Unable to locate element: {"method":"xpath","selector":"//*[@id="id_gender1"]"}
  (Session info: chrome=85.0.4183.121)
For documentation on this error, please visit: https://www.seleniumhq.org/exceptions/no_such_element.html
Build info: version: '3.141.59', revision: 'e82be7d358', time: '2018-11-14T08:17:03'
System info: host: 'DESKTOP-RBNB4BV', ip: '192.168.1.43', os.name: 'Windows 10', os.arch: 'amd64', os.version: '10.0', java.version: '1.8.0_261'
Driver info: org.openqa.selenium.chrome.ChromeDriver
Capabilities {acceptInsecureCerts: false, browserName: chrome, browserVersion: 85.0.4183.121, chrome: {chromedriverVersion: 85.0.4183.87 (cd6713ebf92fa..., userDataDir: C:\Users\Dell\AppData\Local...}, goog:chromeOptions: {debuggerAddress: localhost:52990}, javascriptEnabled: true, networkConnectionEnabled: false, pageLoadStrategy: normal, platform: WINDOWS, platformName: WINDOWS, proxy: Proxy(), setWindowRect: true, strictFileInteractability: false, timeouts: {implicit: 0, pageLoad: 300000, script: 30000}, unhandledPromptBehavior: dismiss and notify, webauthn:virtualAuthenticators: true}
Session ID: 01d4d5f1474738a08054e99055530393
*** Element info: {Using=xpath, value=//*[@id="id_gender1"]}
at sun.reflect.NativeConstructorAccessorImpl.newInstance0(Native Method)
at sun.reflect.NativeConstructorAccessorImpl.newInstance(NativeConstructorAccessorImpl.java:62)
at sun.reflect.DelegatingConstructorAccessorImpl.newInstance(DelegatingConstructorAccessorImpl.java:45)
at java.lang.reflect.Constructor.newInstance(Constructor.java:423)
at org.openqa.selenium.remote.http.W3CHttpResponseCodec.createException(W3CHttpResponseCodec.java:187)
at org.openqa.selenium.remote.http.W3CHttpResponseCodec.decode(W3CHttpResponseCodec.java:122)
at org.openqa.selenium.remote.http.W3CHttpResponseCodec.decode(W3CHttpResponseCodec.java:49)
at org.openqa.selenium.remote.HttpCommandExecutor.execute(HttpCommandExecutor.java:158)
at org.openqa.selenium.remote.service.DriverCommandExecutor.execute(DriverCommandExecutor.java:83)
at org.openqa.selenium.remote.RemoteWebDriver.execute(RemoteWebDriver.java:552)
at org.openqa.selenium.remote.RemoteWebDriver.findElement(RemoteWebDriver.java:323)
at org.openqa.selenium.remote.RemoteWebDriver.findElementByXPath(RemoteWebDriver.java:428)
at org.openqa.selenium.By$ByXPath.findElement(By.java:353)
at org.openqa.selenium.remote.RemoteWebDriver.findElement(RemoteWebDriver.java:315)
at sun.reflect.GeneratedMethodAccessor4.invoke(Unknown Source)
at sun.reflect.DelegatingMethodAccessorImpl.invoke(DelegatingMethodAccessorImpl.java:43)
at java.lang.reflect.Method.invoke(Method.java:498)
at org.openqa.selenium.support.events.EventFiringWebDriver.lambda$new$1(EventFiringWebDriver.java:105)
at com.sun.proxy.$Proxy8.findElement(Unknown Source)
at org.openqa.selenium.support.events.EventFiringWebDriver.findElement(EventFiringWebDriver.java:194)
at org.openqa.selenium.support.pagefactory.DefaultElementLocator.findElement(DefaultElementLocator.java:69)
at org.openqa.selenium.support.pagefactory.internal.LocatingElementHandler.invoke(LocatingElementHandler.java:38)
at com.sun.proxy.$Proxy12.click(Unknown Source)
at com.qa.pages.RegistrationPage.createnewuser(RegistrationPage.java:87)
at com.qa.test.RegistrationPageTest.validateregistration(RegistrationPageTest.java:57)
at sun.reflect.NativeMethodAccessorImpl.invoke0(Native Method)
at sun.reflect.NativeMethodAccessorImpl.invoke(NativeMethodAccessorImpl.java:62)
at sun.reflect.DelegatingMethodAccessorImpl.invoke(DelegatingMethodAccessorImpl.java:43)
at java.lang.reflect.Method.invoke(Method.java:498)
at org.testng.internal.MethodInvocationHelper.invokeMethod(MethodInvocationHelper.java:124)
at org.testng.internal.Invoker.invokeMethod(Invoker.java:583)
at org.testng.internal.Invoker.invokeTestMethod(Invoker.java:719)
at org.testng.internal.Invoker.invokeTestMethods(Invoker.java:989)
at org.testng.internal.TestMethodWorker.invokeTestMethods(TestMethodWorker.java:125)
at org.testng.internal.TestMethodWorker.run(TestMethodWorker.java:109)
at org.testng.TestRunner.privateRun(TestRunner.java:648)
at org.testng.TestRunner.run(TestRunner.java:505)
at org.testng.SuiteRunner.runTest(SuiteRunner.java:455)
at org.testng.SuiteRunner.runSequentially(SuiteRunner.java:450)
at org.testng.SuiteRunner.privateRun(SuiteRunner.java:415)
at org.testng.SuiteRunner.run(SuiteRunner.java:364)
at org.testng.SuiteRunnerWorker.runSuite(SuiteRunnerWorker.java:52)
at org.testng.SuiteRunnerWorker.run(SuiteRunnerWorker.java:84)
at org.testng.TestNG.runSuitesSequentially(TestNG.java:1208)
at org.testng.TestNG.runSuitesLocally(TestNG.java:1137)
at org.testng.TestNG.runSuites(TestNG.java:1049)
at org.testng.TestNG.run(TestNG.java:1017)
at org.testng.remote.AbstractRemoteTestNG.run(AbstractRemoteTestNG.java:115)
at org.testng.remote.RemoteTestNG.initAndRun(RemoteTestNG.java:251)
at org.testng.remote.RemoteTestNG.main(RemoteTestNG.java:77)
]]>
            </full-stacktrace>
          </exception> <!-- org.openqa.selenium.NoSuchElementException -->
          <reporter-output>
          </reporter-output>
        </test-method> <!-- validateregistration -->
        <test-method status="PASS" signature="teardown()[pri:0, instance:com.qa.test.RegistrationPageTest@3fee9989]" name="teardown" is-config="true" duration-ms="659" started-at="2020-09-24T05:17:31Z" finished-at="2020-09-24T05:17:31Z">
          <reporter-output>
          </reporter-output>
        </test-method> <!-- teardown -->
      </class> <!-- com.qa.test.RegistrationPageTest -->
      <class name="com.qa.test.HomePageTest">
        <test-method status="PASS" signature="setup()[pri:0, instance:com.qa.test.HomePageTest@4cf777e8]" name="setup" is-config="true" duration-ms="12893" started-at="2020-09-24T05:15:15Z" finished-at="2020-09-24T05:15:28Z">
          <reporter-output>
          </reporter-output>
        </test-method> <!-- setup -->
        <test-method status="PASS" signature="validatehomepagetitle()[pri:1, instance:com.qa.test.HomePageTest@4cf777e8]" name="validatehomepagetitle" duration-ms="27" started-at="2020-09-24T05:15:28Z" finished-at="2020-09-24T05:15:28Z">
          <reporter-output>
          </reporter-output>
        </test-method> <!-- validatehomepagetitle -->
        <test-method status="PASS" signature="teardown()[pri:0, instance:com.qa.test.HomePageTest@4cf777e8]" name="teardown" is-config="true" duration-ms="678" started-at="2020-09-24T05:15:28Z" finished-at="2020-09-24T05:15:28Z">
          <reporter-output>
          </reporter-output>
        </test-method> <!-- teardown -->
        <test-method status="PASS" signature="setup()[pri:0, instance:com.qa.test.HomePageTest@4cf777e8]" name="setup" is-config="true" duration-ms="11065" started-at="2020-09-24T05:16:05Z" finished-at="2020-09-24T05:16:16Z">
          <reporter-output>
          </reporter-output>
        </test-method> <!-- setup -->
        <test-method status="PASS" signature="validatehomepagelogo()[pri:2, instance:com.qa.test.HomePageTest@4cf777e8]" name="validatehomepagelogo" duration-ms="61" started-at="2020-09-24T05:16:16Z" finished-at="2020-09-24T05:16:16Z">
          <reporter-output>
          </reporter-output>
        </test-method> <!-- validatehomepagelogo -->
        <test-method status="PASS" signature="teardown()[pri:0, instance:com.qa.test.HomePageTest@4cf777e8]" name="teardown" is-config="true" duration-ms="676" started-at="2020-09-24T05:16:16Z" finished-at="2020-09-24T05:16:17Z">
          <reporter-output>
          </reporter-output>
        </test-method> <!-- teardown -->
        <test-method status="PASS" signature="setup()[pri:0, instance:com.qa.test.HomePageTest@4cf777e8]" name="setup" is-config="true" duration-ms="12480" started-at="2020-09-24T05:17:31Z" finished-at="2020-09-24T05:17:44Z">
          <reporter-output>
          </reporter-output>
        </test-method> <!-- setup -->
        <test-method status="PASS" signature="validatelogin()[pri:3, instance:com.qa.test.HomePageTest@4cf777e8]" name="validatelogin" duration-ms="1501" started-at="2020-09-24T05:17:44Z" finished-at="2020-09-24T05:17:45Z">
          <reporter-output>
          </reporter-output>
        </test-method> <!-- validatelogin -->
        <test-method status="PASS" signature="teardown()[pri:0, instance:com.qa.test.HomePageTest@4cf777e8]" name="teardown" is-config="true" duration-ms="676" started-at="2020-09-24T05:17:45Z" finished-at="2020-09-24T05:17:46Z">
          <reporter-output>
          </reporter-output>
        </test-method> <!-- teardown -->
      </class> <!-- com.qa.test.HomePageTest -->
    </test> <!-- Regression1 -->
  </suite> <!-- Suite1 -->
</testng-results>
